

Processing ApplicationController#index (for 127.0.0.1 at 2008-02-09 15:41:23) [GET]
  Session ID: e5d72a0b687828b7d772adfb8935b71d
  Parameters: {}


ActionController::RoutingError (No route matches "/" with {:method=>:get}):
    /vendor/rails/actionpack/lib/action_controller/routing/recognition_optimisation.rb:67:in `recognize_path'
    /vendor/rails/actionpack/lib/action_controller/routing/route_set.rb:384:in `recognize'
    /vendor/rails/actionpack/lib/action_controller/dispatcher.rb:163:in `handle_request'
    /vendor/rails/actionpack/lib/action_controller/dispatcher.rb:105:in `dispatch'
    /vendor/rails/actionpack/lib/action_controller/dispatcher.rb:102:in `synchronize'
    /vendor/rails/actionpack/lib/action_controller/dispatcher.rb:102:in `dispatch'
    /vendor/rails/actionpack/lib/action_controller/dispatcher.rb:118:in `dispatch_cgi'
    /vendor/rails/actionpack/lib/action_controller/dispatcher.rb:11:in `dispatch'
    /opt/local/lib/ruby/gems/1.8/gems/mongrel-1.1.3/bin/../lib/mongrel/rails.rb:76:in `process'
    /opt/local/lib/ruby/gems/1.8/gems/mongrel-1.1.3/bin/../lib/mongrel/rails.rb:74:in `synchronize'
    /opt/local/lib/ruby/gems/1.8/gems/mongrel-1.1.3/bin/../lib/mongrel/rails.rb:74:in `process'
    /opt/local/lib/ruby/gems/1.8/gems/mongrel-1.1.3/lib/mongrel.rb:159:in `process_client'
    /opt/local/lib/ruby/gems/1.8/gems/mongrel-1.1.3/lib/mongrel.rb:158:in `each'
    /opt/local/lib/ruby/gems/1.8/gems/mongrel-1.1.3/lib/mongrel.rb:158:in `process_client'
    /opt/local/lib/ruby/gems/1.8/gems/mongrel-1.1.3/lib/mongrel.rb:285:in `run'
    /opt/local/lib/ruby/gems/1.8/gems/mongrel-1.1.3/lib/mongrel.rb:285:in `initialize'
    /opt/local/lib/ruby/gems/1.8/gems/mongrel-1.1.3/lib/mongrel.rb:285:in `new'
    /opt/local/lib/ruby/gems/1.8/gems/mongrel-1.1.3/lib/mongrel.rb:285:in `run'
    /opt/local/lib/ruby/gems/1.8/gems/mongrel-1.1.3/lib/mongrel.rb:268:in `initialize'
    /opt/local/lib/ruby/gems/1.8/gems/mongrel-1.1.3/lib/mongrel.rb:268:in `new'
    /opt/local/lib/ruby/gems/1.8/gems/mongrel-1.1.3/lib/mongrel.rb:268:in `run'
    /opt/local/lib/ruby/gems/1.8/gems/mongrel-1.1.3/lib/mongrel/configurator.rb:282:in `run'
    /opt/local/lib/ruby/gems/1.8/gems/mongrel-1.1.3/lib/mongrel/configurator.rb:281:in `each'
    /opt/local/lib/ruby/gems/1.8/gems/mongrel-1.1.3/lib/mongrel/configurator.rb:281:in `run'
    /opt/local/lib/ruby/gems/1.8/gems/mongrel-1.1.3/bin/mongrel_rails:128:in `run'
    /opt/local/lib/ruby/gems/1.8/gems/mongrel-1.1.3/lib/mongrel/command.rb:212:in `run'
    /opt/local/lib/ruby/gems/1.8/gems/mongrel-1.1.3/bin/mongrel_rails:281
    /vendor/rails/activesupport/lib/active_support/dependencies.rb:489:in `load'
    /vendor/rails/activesupport/lib/active_support/dependencies.rb:489:in `load'
    /vendor/rails/activesupport/lib/active_support/dependencies.rb:342:in `new_constants_in'
    /vendor/rails/activesupport/lib/active_support/dependencies.rb:489:in `load'
    /vendor/rails/railties/lib/commands/servers/mongrel.rb:64
    /opt/local/lib/ruby/vendor_ruby/1.8/rubygems/custom_require.rb:27:in `gem_original_require'
    /opt/local/lib/ruby/vendor_ruby/1.8/rubygems/custom_require.rb:27:in `require'
    /vendor/rails/activesupport/lib/active_support/dependencies.rb:496:in `require'
    /vendor/rails/activesupport/lib/active_support/dependencies.rb:342:in `new_constants_in'
    /vendor/rails/activesupport/lib/active_support/dependencies.rb:496:in `require'
    /vendor/rails/railties/lib/commands/server.rb:39
    script/server:3:in `require'
    script/server:3

Rendering /Users/bkerley/Documents/chronicle/vendor/rails/actionpack/lib/action_controller/templates/rescues/layout.erb (not_found)


Processing PostsController#index (for 127.0.0.1 at 2008-02-09 15:46:31) [GET]
  Session ID: BAh7BiIKZmxhc2hJQzonQWN0aW9uQ29udHJvbGxlcjo6Rmxhc2g6OkZsYXNo%0ASGFzaHsABjoKQHVzZWR7AA%3D%3D--7e3e025a74f3278e8f5f02bd3d347b261643bc69
  Parameters: {"action"=>"index", "controller"=>"posts"}


Processing PostsController#index (for 127.0.0.1 at 2008-02-09 15:46:31) [GET]
  Session ID: BAh7BiIKZmxhc2hJQzonQWN0aW9uQ29udHJvbGxlcjo6Rmxhc2g6OkZsYXNo%0ASGFzaHsABjoKQHVzZWR7AA%3D%3D--7e3e025a74f3278e8f5f02bd3d347b261643bc69
  Parameters: {"action"=>"index", "controller"=>"posts"}


MissingSourceFile (no such file to load -- sqlite3):
    /opt/local/lib/ruby/vendor_ruby/1.8/rubygems/custom_require.rb:27:in `gem_original_require'
    /opt/local/lib/ruby/vendor_ruby/1.8/rubygems/custom_require.rb:27:in `require'
    /vendor/rails/activesupport/lib/active_support/dependencies.rb:496:in `require'
    /vendor/rails/activesupport/lib/active_support/dependencies.rb:342:in `new_constants_in'
    /vendor/rails/activesupport/lib/active_support/dependencies.rb:496:in `require'
    /vendor/rails/activesupport/lib/active_support/core_ext/kernel/requires.rb:7:in `require_library_or_gem'
    /vendor/rails/activesupport/lib/active_support/core_ext/kernel/reporting.rb:11:in `silence_warnings'
    /vendor/rails/activesupport/lib/active_support/core_ext/kernel/requires.rb:5:in `require_library_or_gem'
    /vendor/rails/activerecord/lib/active_record/connection_adapters/sqlite3_adapter.rb:10:in `sqlite3_connection'
    /vendor/rails/activerecord/lib/active_record/connection_adapters/abstract/connection_specification.rb:291:in `send'
    /vendor/rails/activerecord/lib/active_record/connection_adapters/abstract/connection_specification.rb:291:in `connection='
    /vendor/rails/activerecord/lib/active_record/connection_adapters/abstract/connection_specification.rb:259:in `retrieve_connection'
    /vendor/rails/activerecord/lib/active_record/connection_adapters/abstract/connection_specification.rb:78:in `connection'
    /vendor/rails/activerecord/lib/active_record/query_cache.rb:8:in `cache'
    /vendor/rails/actionpack/lib/action_controller/caching/sql_cache.rb:12:in `perform_action'
    /vendor/rails/actionpack/lib/action_controller/base.rb:529:in `send'
    /vendor/rails/actionpack/lib/action_controller/base.rb:529:in `process_without_filters'
    /vendor/rails/actionpack/lib/action_controller/filters.rb:687:in `process_without_session_management_support'
    /vendor/rails/actionpack/lib/action_controller/session_management.rb:123:in `process'
    /vendor/rails/actionpack/lib/action_controller/base.rb:390:in `process'
    /vendor/rails/actionpack/lib/action_controller/dispatcher.rb:164:in `handle_request'
    /vendor/rails/actionpack/lib/action_controller/dispatcher.rb:105:in `dispatch'
    /vendor/rails/actionpack/lib/action_controller/dispatcher.rb:102:in `synchronize'
    /vendor/rails/actionpack/lib/action_controller/dispatcher.rb:102:in `dispatch'
    /vendor/rails/actionpack/lib/action_controller/dispatcher.rb:118:in `dispatch_cgi'
    /vendor/rails/actionpack/lib/action_controller/dispatcher.rb:11:in `dispatch'
    /opt/local/lib/ruby/gems/1.8/gems/mongrel-1.1.3/bin/../lib/mongrel/rails.rb:76:in `process'
    /opt/local/lib/ruby/gems/1.8/gems/mongrel-1.1.3/bin/../lib/mongrel/rails.rb:74:in `synchronize'
    /opt/local/lib/ruby/gems/1.8/gems/mongrel-1.1.3/bin/../lib/mongrel/rails.rb:74:in `process'
    /opt/local/lib/ruby/gems/1.8/gems/mongrel-1.1.3/lib/mongrel.rb:159:in `process_client'
    /opt/local/lib/ruby/gems/1.8/gems/mongrel-1.1.3/lib/mongrel.rb:158:in `each'
    /opt/local/lib/ruby/gems/1.8/gems/mongrel-1.1.3/lib/mongrel.rb:158:in `process_client'
    /opt/local/lib/ruby/gems/1.8/gems/mongrel-1.1.3/lib/mongrel.rb:285:in `run'
    /opt/local/lib/ruby/gems/1.8/gems/mongrel-1.1.3/lib/mongrel.rb:285:in `initialize'
    /opt/local/lib/ruby/gems/1.8/gems/mongrel-1.1.3/lib/mongrel.rb:285:in `new'
    /opt/local/lib/ruby/gems/1.8/gems/mongrel-1.1.3/lib/mongrel.rb:285:in `run'
    /opt/local/lib/ruby/gems/1.8/gems/mongrel-1.1.3/lib/mongrel.rb:268:in `initialize'
    /opt/local/lib/ruby/gems/1.8/gems/mongrel-1.1.3/lib/mongrel.rb:268:in `new'
    /opt/local/lib/ruby/gems/1.8/gems/mongrel-1.1.3/lib/mongrel.rb:268:in `run'
    /opt/local/lib/ruby/gems/1.8/gems/mongrel-1.1.3/lib/mongrel/configurator.rb:282:in `run'
    /opt/local/lib/ruby/gems/1.8/gems/mongrel-1.1.3/lib/mongrel/configurator.rb:281:in `each'
    /opt/local/lib/ruby/gems/1.8/gems/mongrel-1.1.3/lib/mongrel/configurator.rb:281:in `run'
    /opt/local/lib/ruby/gems/1.8/gems/mongrel-1.1.3/bin/mongrel_rails:128:in `run'
    /opt/local/lib/ruby/gems/1.8/gems/mongrel-1.1.3/lib/mongrel/command.rb:212:in `run'
    /opt/local/lib/ruby/gems/1.8/gems/mongrel-1.1.3/bin/mongrel_rails:281
    /vendor/rails/activesupport/lib/active_support/dependencies.rb:489:in `load'
    /vendor/rails/activesupport/lib/active_support/dependencies.rb:489:in `load'
    /vendor/rails/activesupport/lib/active_support/dependencies.rb:342:in `new_constants_in'
    /vendor/rails/activesupport/lib/active_support/dependencies.rb:489:in `load'
    /vendor/rails/railties/lib/commands/servers/mongrel.rb:64
    /opt/local/lib/ruby/vendor_ruby/1.8/rubygems/custom_require.rb:27:in `gem_original_require'
    /opt/local/lib/ruby/vendor_ruby/1.8/rubygems/custom_require.rb:27:in `require'
    /vendor/rails/activesupport/lib/active_support/dependencies.rb:496:in `require'
    /vendor/rails/activesupport/lib/active_support/dependencies.rb:342:in `new_constants_in'
    /vendor/rails/activesupport/lib/active_support/dependencies.rb:496:in `require'
    /vendor/rails/railties/lib/commands/server.rb:39
    script/server:3:in `require'
    script/server:3

Rendering /Users/bkerley/Documents/chronicle/vendor/rails/actionpack/lib/action_controller/templates/rescues/layout.erb (internal_server_error)


Processing PostsController#index (for 127.0.0.1 at 2008-02-09 15:47:13) [GET]
  Session ID: BAh7BiIKZmxhc2hJQzonQWN0aW9uQ29udHJvbGxlcjo6Rmxhc2g6OkZsYXNo%0ASGFzaHsABjoKQHVzZWR7AA%3D%3D--7e3e025a74f3278e8f5f02bd3d347b261643bc69
  Parameters: {"action"=>"index", "controller"=>"posts"}


Processing PostsController#index (for 127.0.0.1 at 2008-02-09 15:47:13) [GET]
  Session ID: BAh7BiIKZmxhc2hJQzonQWN0aW9uQ29udHJvbGxlcjo6Rmxhc2g6OkZsYXNo%0ASGFzaHsABjoKQHVzZWR7AA%3D%3D--7e3e025a74f3278e8f5f02bd3d347b261643bc69
  Parameters: {"action"=>"index", "controller"=>"posts"}


MissingSourceFile (no such file to load -- sqlite3):
    /opt/local/lib/ruby/vendor_ruby/1.8/rubygems/custom_require.rb:27:in `gem_original_require'
    /opt/local/lib/ruby/vendor_ruby/1.8/rubygems/custom_require.rb:27:in `require'
    /vendor/rails/activesupport/lib/active_support/dependencies.rb:496:in `require'
    /vendor/rails/activesupport/lib/active_support/dependencies.rb:342:in `new_constants_in'
    /vendor/rails/activesupport/lib/active_support/dependencies.rb:496:in `require'
    /vendor/rails/activesupport/lib/active_support/core_ext/kernel/requires.rb:7:in `require_library_or_gem'
    /vendor/rails/activesupport/lib/active_support/core_ext/kernel/reporting.rb:11:in `silence_warnings'
    /vendor/rails/activesupport/lib/active_support/core_ext/kernel/requires.rb:5:in `require_library_or_gem'
    /vendor/rails/activerecord/lib/active_record/connection_adapters/sqlite3_adapter.rb:10:in `sqlite3_connection'
    /vendor/rails/activerecord/lib/active_record/connection_adapters/abstract/connection_specification.rb:291:in `send'
    /vendor/rails/activerecord/lib/active_record/connection_adapters/abstract/connection_specification.rb:291:in `connection='
    /vendor/rails/activerecord/lib/active_record/connection_adapters/abstract/connection_specification.rb:259:in `retrieve_connection'
    /vendor/rails/activerecord/lib/active_record/connection_adapters/abstract/connection_specification.rb:78:in `connection'
    /vendor/rails/activerecord/lib/active_record/query_cache.rb:8:in `cache'
    /vendor/rails/actionpack/lib/action_controller/caching/sql_cache.rb:12:in `perform_action'
    /vendor/rails/actionpack/lib/action_controller/base.rb:529:in `send'
    /vendor/rails/actionpack/lib/action_controller/base.rb:529:in `process_without_filters'
    /vendor/rails/actionpack/lib/action_controller/filters.rb:687:in `process_without_session_management_support'
    /vendor/rails/actionpack/lib/action_controller/session_management.rb:123:in `process'
    /vendor/rails/actionpack/lib/action_controller/base.rb:390:in `process'
    /vendor/rails/actionpack/lib/action_controller/dispatcher.rb:164:in `handle_request'
    /vendor/rails/actionpack/lib/action_controller/dispatcher.rb:105:in `dispatch'
    /vendor/rails/actionpack/lib/action_controller/dispatcher.rb:102:in `synchronize'
    /vendor/rails/actionpack/lib/action_controller/dispatcher.rb:102:in `dispatch'
    /vendor/rails/actionpack/lib/action_controller/dispatcher.rb:118:in `dispatch_cgi'
    /vendor/rails/actionpack/lib/action_controller/dispatcher.rb:11:in `dispatch'
    /opt/local/lib/ruby/gems/1.8/gems/mongrel-1.1.3/bin/../lib/mongrel/rails.rb:76:in `process'
    /opt/local/lib/ruby/gems/1.8/gems/mongrel-1.1.3/bin/../lib/mongrel/rails.rb:74:in `synchronize'
    /opt/local/lib/ruby/gems/1.8/gems/mongrel-1.1.3/bin/../lib/mongrel/rails.rb:74:in `process'
    /opt/local/lib/ruby/gems/1.8/gems/mongrel-1.1.3/lib/mongrel.rb:159:in `process_client'
    /opt/local/lib/ruby/gems/1.8/gems/mongrel-1.1.3/lib/mongrel.rb:158:in `each'
    /opt/local/lib/ruby/gems/1.8/gems/mongrel-1.1.3/lib/mongrel.rb:158:in `process_client'
    /opt/local/lib/ruby/gems/1.8/gems/mongrel-1.1.3/lib/mongrel.rb:285:in `run'
    /opt/local/lib/ruby/gems/1.8/gems/mongrel-1.1.3/lib/mongrel.rb:285:in `initialize'
    /opt/local/lib/ruby/gems/1.8/gems/mongrel-1.1.3/lib/mongrel.rb:285:in `new'
    /opt/local/lib/ruby/gems/1.8/gems/mongrel-1.1.3/lib/mongrel.rb:285:in `run'
    /opt/local/lib/ruby/gems/1.8/gems/mongrel-1.1.3/lib/mongrel.rb:268:in `initialize'
    /opt/local/lib/ruby/gems/1.8/gems/mongrel-1.1.3/lib/mongrel.rb:268:in `new'
    /opt/local/lib/ruby/gems/1.8/gems/mongrel-1.1.3/lib/mongrel.rb:268:in `run'
    /opt/local/lib/ruby/gems/1.8/gems/mongrel-1.1.3/lib/mongrel/configurator.rb:282:in `run'
    /opt/local/lib/ruby/gems/1.8/gems/mongrel-1.1.3/lib/mongrel/configurator.rb:281:in `each'
    /opt/local/lib/ruby/gems/1.8/gems/mongrel-1.1.3/lib/mongrel/configurator.rb:281:in `run'
    /opt/local/lib/ruby/gems/1.8/gems/mongrel-1.1.3/bin/mongrel_rails:128:in `run'
    /opt/local/lib/ruby/gems/1.8/gems/mongrel-1.1.3/lib/mongrel/command.rb:212:in `run'
    /opt/local/lib/ruby/gems/1.8/gems/mongrel-1.1.3/bin/mongrel_rails:281
    /vendor/rails/activesupport/lib/active_support/dependencies.rb:489:in `load'
    /vendor/rails/activesupport/lib/active_support/dependencies.rb:489:in `load'
    /vendor/rails/activesupport/lib/active_support/dependencies.rb:342:in `new_constants_in'
    /vendor/rails/activesupport/lib/active_support/dependencies.rb:489:in `load'
    /vendor/rails/railties/lib/commands/servers/mongrel.rb:64
    /opt/local/lib/ruby/vendor_ruby/1.8/rubygems/custom_require.rb:27:in `gem_original_require'
    /opt/local/lib/ruby/vendor_ruby/1.8/rubygems/custom_require.rb:27:in `require'
    /vendor/rails/activesupport/lib/active_support/dependencies.rb:496:in `require'
    /vendor/rails/activesupport/lib/active_support/dependencies.rb:342:in `new_constants_in'
    /vendor/rails/activesupport/lib/active_support/dependencies.rb:496:in `require'
    /vendor/rails/railties/lib/commands/server.rb:39
    script/server:3:in `require'
    script/server:3

Rendering /Users/bkerley/Documents/chronicle/vendor/rails/actionpack/lib/action_controller/templates/rescues/layout.erb (internal_server_error)


Processing PostsController#index (for 127.0.0.1 at 2008-02-09 15:47:21) [GET]
  Session ID: BAh7BiIKZmxhc2hJQzonQWN0aW9uQ29udHJvbGxlcjo6Rmxhc2g6OkZsYXNo%0ASGFzaHsABjoKQHVzZWR7AA%3D%3D--7e3e025a74f3278e8f5f02bd3d347b261643bc69
  Parameters: {"action"=>"index", "controller"=>"posts"}
  [4;36;1mPost Load (0.000000)[0m   [0;1mSQLite3::SQLException: no such table: posts: SELECT * FROM "posts" [0m


ActiveRecord::StatementInvalid (SQLite3::SQLException: no such table: posts: SELECT * FROM "posts"   ):
    /vendor/rails/activerecord/lib/active_record/connection_adapters/abstract_adapter.rb:151:in `log'
    /vendor/rails/activerecord/lib/active_record/connection_adapters/sqlite_adapter.rb:132:in `execute'
    /vendor/rails/activerecord/lib/active_record/connection_adapters/sqlite_adapter.rb:353:in `catch_schema_changes'
    /vendor/rails/activerecord/lib/active_record/connection_adapters/sqlite_adapter.rb:132:in `execute'
    /vendor/rails/activerecord/lib/active_record/connection_adapters/sqlite_adapter.rb:256:in `select'
    /vendor/rails/activerecord/lib/active_record/connection_adapters/abstract/database_statements.rb:7:in `select_all_without_query_cache'
    /vendor/rails/activerecord/lib/active_record/connection_adapters/abstract/query_cache.rb:53:in `select_all'
    /vendor/rails/activerecord/lib/active_record/connection_adapters/abstract/query_cache.rb:74:in `cache_sql'
    /vendor/rails/activerecord/lib/active_record/connection_adapters/abstract/query_cache.rb:53:in `select_all'
    /vendor/rails/activerecord/lib/active_record/base.rb:531:in `find_by_sql'
    /vendor/rails/activerecord/lib/active_record/base.rb:1245:in `find_every'
    /vendor/rails/activerecord/lib/active_record/base.rb:502:in `find'
    /app/controllers/posts_controller.rb:5:in `index'
    /vendor/rails/actionpack/lib/action_controller/base.rb:1165:in `send'
    /vendor/rails/actionpack/lib/action_controller/base.rb:1165:in `perform_action_without_filters'
    /vendor/rails/actionpack/lib/action_controller/filters.rb:699:in `call_filters'
    /vendor/rails/actionpack/lib/action_controller/filters.rb:691:in `perform_action_without_benchmark'
    /vendor/rails/actionpack/lib/action_controller/benchmarking.rb:68:in `perform_action_without_rescue'
    /opt/local/lib/ruby/1.8/benchmark.rb:293:in `measure'
    /vendor/rails/actionpack/lib/action_controller/benchmarking.rb:68:in `perform_action_without_rescue'
    /vendor/rails/actionpack/lib/action_controller/rescue.rb:199:in `perform_action_without_caching'
    /vendor/rails/actionpack/lib/action_controller/caching/sql_cache.rb:13:in `perform_action'
    /vendor/rails/activerecord/lib/active_record/connection_adapters/abstract/query_cache.rb:33:in `cache'
    /vendor/rails/activerecord/lib/active_record/query_cache.rb:8:in `cache'
    /vendor/rails/actionpack/lib/action_controller/caching/sql_cache.rb:12:in `perform_action'
    /vendor/rails/actionpack/lib/action_controller/base.rb:529:in `send'
    /vendor/rails/actionpack/lib/action_controller/base.rb:529:in `process_without_filters'
    /vendor/rails/actionpack/lib/action_controller/filters.rb:687:in `process_without_session_management_support'
    /vendor/rails/actionpack/lib/action_controller/session_management.rb:123:in `process'
    /vendor/rails/actionpack/lib/action_controller/base.rb:390:in `process'
    /vendor/rails/actionpack/lib/action_controller/dispatcher.rb:164:in `handle_request'
    /vendor/rails/actionpack/lib/action_controller/dispatcher.rb:105:in `dispatch'
    /vendor/rails/actionpack/lib/action_controller/dispatcher.rb:102:in `synchronize'
    /vendor/rails/actionpack/lib/action_controller/dispatcher.rb:102:in `dispatch'
    /vendor/rails/actionpack/lib/action_controller/dispatcher.rb:118:in `dispatch_cgi'
    /vendor/rails/actionpack/lib/action_controller/dispatcher.rb:11:in `dispatch'
    /opt/local/lib/ruby/gems/1.8/gems/mongrel-1.1.3/bin/../lib/mongrel/rails.rb:76:in `process'
    /opt/local/lib/ruby/gems/1.8/gems/mongrel-1.1.3/bin/../lib/mongrel/rails.rb:74:in `synchronize'
    /opt/local/lib/ruby/gems/1.8/gems/mongrel-1.1.3/bin/../lib/mongrel/rails.rb:74:in `process'
    /opt/local/lib/ruby/gems/1.8/gems/mongrel-1.1.3/lib/mongrel.rb:159:in `process_client'
    /opt/local/lib/ruby/gems/1.8/gems/mongrel-1.1.3/lib/mongrel.rb:158:in `each'
    /opt/local/lib/ruby/gems/1.8/gems/mongrel-1.1.3/lib/mongrel.rb:158:in `process_client'
    /opt/local/lib/ruby/gems/1.8/gems/mongrel-1.1.3/lib/mongrel.rb:285:in `run'
    /opt/local/lib/ruby/gems/1.8/gems/mongrel-1.1.3/lib/mongrel.rb:285:in `initialize'
    /opt/local/lib/ruby/gems/1.8/gems/mongrel-1.1.3/lib/mongrel.rb:285:in `new'
    /opt/local/lib/ruby/gems/1.8/gems/mongrel-1.1.3/lib/mongrel.rb:285:in `run'
    /opt/local/lib/ruby/gems/1.8/gems/mongrel-1.1.3/lib/mongrel.rb:268:in `initialize'
    /opt/local/lib/ruby/gems/1.8/gems/mongrel-1.1.3/lib/mongrel.rb:268:in `new'
    /opt/local/lib/ruby/gems/1.8/gems/mongrel-1.1.3/lib/mongrel.rb:268:in `run'
    /opt/local/lib/ruby/gems/1.8/gems/mongrel-1.1.3/lib/mongrel/configurator.rb:282:in `run'
    /opt/local/lib/ruby/gems/1.8/gems/mongrel-1.1.3/lib/mongrel/configurator.rb:281:in `each'
    /opt/local/lib/ruby/gems/1.8/gems/mongrel-1.1.3/lib/mongrel/configurator.rb:281:in `run'
    /opt/local/lib/ruby/gems/1.8/gems/mongrel-1.1.3/bin/mongrel_rails:128:in `run'
    /opt/local/lib/ruby/gems/1.8/gems/mongrel-1.1.3/lib/mongrel/command.rb:212:in `run'
    /opt/local/lib/ruby/gems/1.8/gems/mongrel-1.1.3/bin/mongrel_rails:281
    /vendor/rails/activesupport/lib/active_support/dependencies.rb:489:in `load'
    /vendor/rails/activesupport/lib/active_support/dependencies.rb:489:in `load'
    /vendor/rails/activesupport/lib/active_support/dependencies.rb:342:in `new_constants_in'
    /vendor/rails/activesupport/lib/active_support/dependencies.rb:489:in `load'
    /vendor/rails/railties/lib/commands/servers/mongrel.rb:64
    /opt/local/lib/ruby/vendor_ruby/1.8/rubygems/custom_require.rb:27:in `gem_original_require'
    /opt/local/lib/ruby/vendor_ruby/1.8/rubygems/custom_require.rb:27:in `require'
    /vendor/rails/activesupport/lib/active_support/dependencies.rb:496:in `require'
    /vendor/rails/activesupport/lib/active_support/dependencies.rb:342:in `new_constants_in'
    /vendor/rails/activesupport/lib/active_support/dependencies.rb:496:in `require'
    /vendor/rails/railties/lib/commands/server.rb:39
    script/server:3:in `require'
    script/server:3

Rendering /Users/bkerley/Documents/chronicle/vendor/rails/actionpack/lib/action_controller/templates/rescues/layout.erb (internal_server_error)
  [4;36;1mSQL (0.000343)[0m   [0;1mselect sqlite_version(*)[0m
  [4;35;1mSQL (0.003549)[0m   [0mCREATE TABLE "schema_info" (version integer)[0m
  [4;36;1mSQL (0.002138)[0m   [0;1mINSERT INTO "schema_info" (version) VALUES(0)[0m
  [4;35;1mSQL (0.000000)[0m   [0mSQLite3::SQLException: table "schema_info" already exists: CREATE TABLE "schema_info" (version integer)[0m
  [4;36;1mSQL (0.000416)[0m   [0;1mSELECT version FROM schema_info[0m
Migrating to CreatePosts (1)
  [4;35;1mSQL (0.002740)[0m   [0mCREATE TABLE "posts" ("id" INTEGER PRIMARY KEY AUTOINCREMENT NOT NULL, "title" varchar(255) DEFAULT NULL, "slug" varchar(255) DEFAULT NULL, "body" text DEFAULT NULL, "created_at" datetime DEFAULT NULL, "updated_at" datetime DEFAULT NULL) [0m
  [4;36;1mSQL (0.001864)[0m   [0;1mUPDATE schema_info SET version = 1[0m
  [4;35;1mSQL (0.000363)[0m   [0mSELECT version FROM schema_info[0m
Migrating to CreateTags (2)
  [4;36;1mSQL (0.002018)[0m   [0;1mCREATE TABLE "tags" ("id" INTEGER PRIMARY KEY AUTOINCREMENT NOT NULL, "title" varchar(255) DEFAULT NULL, "created_at" datetime DEFAULT NULL, "updated_at" datetime DEFAULT NULL) [0m
  [4;35;1mSQL (0.001908)[0m   [0mUPDATE schema_info SET version = 2[0m
  [4;36;1mSQL (0.000329)[0m   [0;1mSELECT * FROM schema_info[0m
  [4;35;1mSQL (0.000352)[0m   [0m SELECT name
 FROM sqlite_master
 WHERE type = 'table' AND NOT name = 'sqlite_sequence'
[0m
  [4;36;1mSQL (0.000062)[0m   [0;1mPRAGMA index_list("posts")[0m
  [4;35;1mSQL (0.000059)[0m   [0mPRAGMA index_list("tags")[0m


Processing PostsController#index (for 127.0.0.1 at 2008-02-09 15:47:33) [GET]
  Session ID: BAh7BiIKZmxhc2hJQzonQWN0aW9uQ29udHJvbGxlcjo6Rmxhc2g6OkZsYXNo%0ASGFzaHsABjoKQHVzZWR7AA%3D%3D--7e3e025a74f3278e8f5f02bd3d347b261643bc69
  Parameters: {"action"=>"index", "controller"=>"posts"}
  [4;35;1mPost Load (0.000461)[0m   [0mSELECT * FROM "posts" [0m
Rendering template within layouts/posts
Rendering posts/index
Completed in 0.00951 (105 reqs/sec) | Rendering: 0.00290 (30%) | DB: 0.00046 (4%) | 200 OK [http://localhost/posts]
  [4;36;1mSQL (0.000310)[0m   [0;1mselect sqlite_version(*)[0m
  [4;35;1mSQL (0.000000)[0m   [0mSQLite3::SQLException: table "schema_info" already exists: CREATE TABLE "schema_info" (version integer)[0m
  [4;36;1mSQL (0.000243)[0m   [0;1mSELECT version FROM schema_info[0m
  [4;35;1mSQL (0.000174)[0m   [0mSELECT version FROM schema_info[0m
  [4;36;1mSQL (0.000209)[0m   [0;1mSELECT * FROM schema_info[0m
  [4;35;1mSQL (0.000279)[0m   [0m SELECT name
 FROM sqlite_master
 WHERE type = 'table' AND NOT name = 'sqlite_sequence'
[0m
  [4;36;1mSQL (0.000057)[0m   [0;1mPRAGMA index_list("posts")[0m
  [4;35;1mSQL (0.000053)[0m   [0mPRAGMA index_list("tags")[0m
  [4;36;1mSQL (0.000167)[0m   [0;1mselect sqlite_version(*)[0m
  [4;35;1mSQL (0.000000)[0m   [0mSQLite3::SQLException: no such table: posts: DROP TABLE "posts"[0m
  [4;36;1mSQL (0.002092)[0m   [0;1mCREATE TABLE "posts" ("id" INTEGER PRIMARY KEY AUTOINCREMENT NOT NULL, "title" varchar(255) DEFAULT NULL, "slug" varchar(255) DEFAULT NULL, "body" text DEFAULT NULL, "created_at" datetime DEFAULT NULL, "updated_at" datetime DEFAULT NULL) [0m
  [4;35;1mSQL (0.000000)[0m   [0mSQLite3::SQLException: no such table: tags: DROP TABLE "tags"[0m
  [4;36;1mSQL (0.002230)[0m   [0;1mCREATE TABLE "tags" ("id" INTEGER PRIMARY KEY AUTOINCREMENT NOT NULL, "title" varchar(255) DEFAULT NULL, "created_at" datetime DEFAULT NULL, "updated_at" datetime DEFAULT NULL) [0m
  [4;35;1mSQL (0.002417)[0m   [0mCREATE TABLE "schema_info" (version integer)[0m
  [4;36;1mSQL (0.001903)[0m   [0;1mINSERT INTO "schema_info" (version) VALUES(0)[0m
  [4;35;1mSQL (0.002374)[0m   [0mUPDATE schema_info SET version = 2[0m
